c:\users\user\source\repos\chessnnpc\chessnnpc\x64\debug\vc143.pdb
c:\users\user\source\repos\chessnnpc\chessnnpc\x64\debug\vc143.idb
c:\users\user\source\repos\chessnnpc\chessnnpc\x64\debug\imgui_widgets.obj
c:\users\user\source\repos\chessnnpc\chessnnpc\x64\debug\imgui_tables.obj
c:\users\user\source\repos\chessnnpc\chessnnpc\x64\debug\imgui_impl_win32.obj
c:\users\user\source\repos\chessnnpc\chessnnpc\x64\debug\imgui_impl_dx12.obj
c:\users\user\source\repos\chessnnpc\chessnnpc\x64\debug\imgui_impl_dx11.obj
c:\users\user\source\repos\chessnnpc\chessnnpc\x64\debug\imgui_draw.obj
c:\users\user\source\repos\chessnnpc\chessnnpc\x64\debug\imgui_demo.obj
c:\users\user\source\repos\chessnnpc\chessnnpc\x64\debug\imgui.obj
c:\users\user\source\repos\chessnnpc\chessnnpc\x64\debug\chessnnpc.obj
c:\users\user\source\repos\chessnnpc\x64\debug\chessnnpc.exe
c:\users\user\source\repos\chessnnpc\x64\debug\chessnnpc.pdb
c:\users\user\source\repos\chessnnpc\chessnnpc\x64\debug\chessnnpc.ilk
c:\users\user\source\repos\chessnnpc\chessnnpc\x64\debug\chessnnpc.tlog\cl.command.1.tlog
c:\users\user\source\repos\chessnnpc\chessnnpc\x64\debug\chessnnpc.tlog\cl.items.tlog
c:\users\user\source\repos\chessnnpc\chessnnpc\x64\debug\chessnnpc.tlog\cl.read.1.tlog
c:\users\user\source\repos\chessnnpc\chessnnpc\x64\debug\chessnnpc.tlog\cl.write.1.tlog
c:\users\user\source\repos\chessnnpc\chessnnpc\x64\debug\chessnnpc.tlog\link.command.1.tlog
c:\users\user\source\repos\chessnnpc\chessnnpc\x64\debug\chessnnpc.tlog\link.read.1.tlog
c:\users\user\source\repos\chessnnpc\chessnnpc\x64\debug\chessnnpc.tlog\link.secondary.1.tlog
c:\users\user\source\repos\chessnnpc\chessnnpc\x64\debug\chessnnpc.tlog\link.write.1.tlog
