  ChessNNpc.cpp
C:\Users\User\source\repos\ChessNNpc\ChessNNpc\ChessNNpc.cpp(7,10): warning C4067: unexpected tokens following preprocessor directive - expected a newline
C:\Users\User\source\repos\ChessNNpc\ChessNNpc\ChessNNpc.cpp(3641,16): warning C4305: 'return': truncation from 'double' to 'float'
C:\Users\User\source\repos\ChessNNpc\ChessNNpc\ChessNNpc.cpp(3660,62): warning C4244: '+=': conversion from 'long double' to 'float', possible loss of data
C:\Users\User\source\repos\ChessNNpc\ChessNNpc\ChessNNpc.cpp(3664,64): warning C4244: '+=': conversion from 'long double' to 'float', possible loss of data
C:\Users\User\source\repos\ChessNNpc\ChessNNpc\ChessNNpc.cpp(3761,53): warning C4244: '=': conversion from 'long double' to 'float', possible loss of data
C:\Users\User\source\repos\ChessNNpc\ChessNNpc\ChessNNpc.cpp(3805,52): warning C4244: '=': conversion from 'long double' to 'float', possible loss of data
C:\Users\User\source\repos\ChessNNpc\ChessNNpc\ChessNNpc.cpp(3823,56): warning C4244: '=': conversion from 'long double' to 'float', possible loss of data
C:\Users\User\source\repos\ChessNNpc\ChessNNpc\ChessNNpc.cpp(3927,70): warning C4244: '=': conversion from 'long double' to 'float', possible loss of data
C:\Users\User\source\repos\ChessNNpc\ChessNNpc\ChessNNpc.cpp(3943,30): warning C4244: 'initializing': conversion from 'long double' to 'float', possible loss of data
C:\Users\User\source\repos\ChessNNpc\ChessNNpc\ChessNNpc.cpp(3959,24): warning C4244: 'initializing': conversion from 'float' to 'int', possible loss of data
C:\Users\User\source\repos\ChessNNpc\ChessNNpc\ChessNNpc.cpp(4048,62): warning C4244: '=': conversion from 'float' to 'int', possible loss of data
C:\Users\User\source\repos\ChessNNpc\ChessNNpc\ChessNNpc.cpp(4058,44): warning C4244: '=': conversion from 'long' to 'float', possible loss of data
C:\Users\User\source\repos\ChessNNpc\ChessNNpc\ChessNNpc.cpp(4390,94): warning C4244: 'argument': conversion from 'int' to 'float', possible loss of data
C:\Users\User\source\repos\ChessNNpc\ChessNNpc\ChessNNpc.cpp(4390,61): warning C4244: 'argument': conversion from 'int' to 'float', possible loss of data
C:\Users\User\source\repos\ChessNNpc\ChessNNpc\ChessNNpc.cpp(4393,77): warning C4244: 'argument': conversion from 'int' to 'float', possible loss of data
C:\Users\User\source\repos\ChessNNpc\ChessNNpc\ChessNNpc.cpp(4393,61): warning C4244: 'argument': conversion from 'int' to 'float', possible loss of data
C:\Users\User\source\repos\ChessNNpc\ChessNNpc\ChessNNpc.cpp(4397,77): warning C4244: 'argument': conversion from 'int' to 'float', possible loss of data
C:\Users\User\source\repos\ChessNNpc\ChessNNpc\ChessNNpc.cpp(4397,61): warning C4244: 'argument': conversion from 'int' to 'float', possible loss of data
C:\Users\User\source\repos\ChessNNpc\ChessNNpc\ChessNNpc.cpp(4407,94): warning C4244: 'argument': conversion from 'int' to 'float', possible loss of data
C:\Users\User\source\repos\ChessNNpc\ChessNNpc\ChessNNpc.cpp(4407,61): warning C4244: 'argument': conversion from 'int' to 'float', possible loss of data
C:\Users\User\source\repos\ChessNNpc\ChessNNpc\ChessNNpc.cpp(4410,77): warning C4244: 'argument': conversion from 'int' to 'float', possible loss of data
C:\Users\User\source\repos\ChessNNpc\ChessNNpc\ChessNNpc.cpp(4410,61): warning C4244: 'argument': conversion from 'int' to 'float', possible loss of data
C:\Users\User\source\repos\ChessNNpc\ChessNNpc\ChessNNpc.cpp(4424,102): warning C4244: 'argument': conversion from 'int' to 'float', possible loss of data
C:\Users\User\source\repos\ChessNNpc\ChessNNpc\ChessNNpc.cpp(4424,69): warning C4244: 'argument': conversion from 'int' to 'float', possible loss of data
C:\Users\User\source\repos\ChessNNpc\ChessNNpc\ChessNNpc.cpp(4425,81): warning C4244: 'argument': conversion from 'int' to 'float', possible loss of data
C:\Users\User\source\repos\ChessNNpc\ChessNNpc\ChessNNpc.cpp(4425,65): warning C4244: 'argument': conversion from 'int' to 'float', possible loss of data
C:\Users\User\source\repos\ChessNNpc\ChessNNpc\ChessNNpc.cpp(4438,102): warning C4244: 'argument': conversion from 'int' to 'float', possible loss of data
C:\Users\User\source\repos\ChessNNpc\ChessNNpc\ChessNNpc.cpp(4438,69): warning C4244: 'argument': conversion from 'int' to 'float', possible loss of data
C:\Users\User\source\repos\ChessNNpc\ChessNNpc\ChessNNpc.cpp(4439,81): warning C4244: 'argument': conversion from 'int' to 'float', possible loss of data
C:\Users\User\source\repos\ChessNNpc\ChessNNpc\ChessNNpc.cpp(4439,65): warning C4244: 'argument': conversion from 'int' to 'float', possible loss of data
C:\Users\User\source\repos\ChessNNpc\ChessNNpc\ChessNNpc.cpp(4448,116): warning C4244: 'argument': conversion from 'int' to 'float', possible loss of data
C:\Users\User\source\repos\ChessNNpc\ChessNNpc\ChessNNpc.cpp(4448,70): warning C4244: 'argument': conversion from 'int' to 'float', possible loss of data
C:\Users\User\source\repos\ChessNNpc\ChessNNpc\ChessNNpc.cpp(4449,69): warning C4244: 'argument': conversion from 'int' to 'float', possible loss of data
C:\Users\User\source\repos\ChessNNpc\ChessNNpc\ChessNNpc.cpp(4449,53): warning C4244: 'argument': conversion from 'int' to 'float', possible loss of data
C:\Users\User\source\repos\ChessNNpc\ChessNNpc\ChessNNpc.cpp(4457,94): warning C4244: 'argument': conversion from 'int' to 'float', possible loss of data
C:\Users\User\source\repos\ChessNNpc\ChessNNpc\ChessNNpc.cpp(4457,61): warning C4244: 'argument': conversion from 'int' to 'float', possible loss of data
C:\Users\User\source\repos\ChessNNpc\ChessNNpc\ChessNNpc.cpp(4465,72): warning C4244: 'argument': conversion from 'int' to 'float', possible loss of data
C:\Users\User\source\repos\ChessNNpc\ChessNNpc\ChessNNpc.cpp(4465,56): warning C4244: 'argument': conversion from 'int' to 'float', possible loss of data
C:\Users\User\source\repos\ChessNNpc\ChessNNpc\ChessNNpc.cpp(4468,72): warning C4244: 'argument': conversion from 'int' to 'float', possible loss of data
C:\Users\User\source\repos\ChessNNpc\ChessNNpc\ChessNNpc.cpp(4468,56): warning C4244: 'argument': conversion from 'int' to 'float', possible loss of data
C:\Users\User\source\repos\ChessNNpc\ChessNNpc\ChessNNpc.cpp(4471,72): warning C4244: 'argument': conversion from 'int' to 'float', possible loss of data
C:\Users\User\source\repos\ChessNNpc\ChessNNpc\ChessNNpc.cpp(4471,56): warning C4244: 'argument': conversion from 'int' to 'float', possible loss of data
C:\Users\User\source\repos\ChessNNpc\ChessNNpc\ChessNNpc.cpp(4474,72): warning C4244: 'argument': conversion from 'int' to 'float', possible loss of data
C:\Users\User\source\repos\ChessNNpc\ChessNNpc\ChessNNpc.cpp(4474,56): warning C4244: 'argument': conversion from 'int' to 'float', possible loss of data
C:\Users\User\source\repos\ChessNNpc\ChessNNpc\ChessNNpc.cpp(4477,72): warning C4244: 'argument': conversion from 'int' to 'float', possible loss of data
C:\Users\User\source\repos\ChessNNpc\ChessNNpc\ChessNNpc.cpp(4477,56): warning C4244: 'argument': conversion from 'int' to 'float', possible loss of data
C:\Users\User\source\repos\ChessNNpc\ChessNNpc\ChessNNpc.cpp(4480,72): warning C4244: 'argument': conversion from 'int' to 'float', possible loss of data
C:\Users\User\source\repos\ChessNNpc\ChessNNpc\ChessNNpc.cpp(4480,56): warning C4244: 'argument': conversion from 'int' to 'float', possible loss of data
C:\Users\User\source\repos\ChessNNpc\ChessNNpc\ChessNNpc.cpp(4483,72): warning C4244: 'argument': conversion from 'int' to 'float', possible loss of data
C:\Users\User\source\repos\ChessNNpc\ChessNNpc\ChessNNpc.cpp(4483,56): warning C4244: 'argument': conversion from 'int' to 'float', possible loss of data
C:\Users\User\source\repos\ChessNNpc\ChessNNpc\ChessNNpc.cpp(4486,72): warning C4244: 'argument': conversion from 'int' to 'float', possible loss of data
C:\Users\User\source\repos\ChessNNpc\ChessNNpc\ChessNNpc.cpp(4486,56): warning C4244: 'argument': conversion from 'int' to 'float', possible loss of data
C:\Users\User\source\repos\ChessNNpc\ChessNNpc\ChessNNpc.cpp(4489,72): warning C4244: 'argument': conversion from 'int' to 'float', possible loss of data
C:\Users\User\source\repos\ChessNNpc\ChessNNpc\ChessNNpc.cpp(4489,56): warning C4244: 'argument': conversion from 'int' to 'float', possible loss of data
C:\Users\User\source\repos\ChessNNpc\ChessNNpc\ChessNNpc.cpp(4492,72): warning C4244: 'argument': conversion from 'int' to 'float', possible loss of data
C:\Users\User\source\repos\ChessNNpc\ChessNNpc\ChessNNpc.cpp(4492,56): warning C4244: 'argument': conversion from 'int' to 'float', possible loss of data
C:\Users\User\source\repos\ChessNNpc\ChessNNpc\ChessNNpc.cpp(4495,72): warning C4244: 'argument': conversion from 'int' to 'float', possible loss of data
C:\Users\User\source\repos\ChessNNpc\ChessNNpc\ChessNNpc.cpp(4495,56): warning C4244: 'argument': conversion from 'int' to 'float', possible loss of data
C:\Users\User\source\repos\ChessNNpc\ChessNNpc\ChessNNpc.cpp(4498,72): warning C4244: 'argument': conversion from 'int' to 'float', possible loss of data
C:\Users\User\source\repos\ChessNNpc\ChessNNpc\ChessNNpc.cpp(4498,56): warning C4244: 'argument': conversion from 'int' to 'float', possible loss of data
C:\Users\User\source\repos\ChessNNpc\ChessNNpc\ChessNNpc.cpp(4512,86): warning C4244: 'argument': conversion from 'int' to 'float', possible loss of data
C:\Users\User\source\repos\ChessNNpc\ChessNNpc\ChessNNpc.cpp(4512,57): warning C4244: 'argument': conversion from 'int' to 'float', possible loss of data
C:\Users\User\source\repos\ChessNNpc\ChessNNpc\ChessNNpc.cpp(4515,77): warning C4244: 'argument': conversion from 'int' to 'float', possible loss of data
C:\Users\User\source\repos\ChessNNpc\ChessNNpc\ChessNNpc.cpp(4515,61): warning C4244: 'argument': conversion from 'int' to 'float', possible loss of data
C:\Users\User\source\repos\ChessNNpc\ChessNNpc\ChessNNpc.cpp(4519,77): warning C4244: 'argument': conversion from 'int' to 'float', possible loss of data
C:\Users\User\source\repos\ChessNNpc\ChessNNpc\ChessNNpc.cpp(4519,61): warning C4244: 'argument': conversion from 'int' to 'float', possible loss of data
C:\Users\User\source\repos\ChessNNpc\ChessNNpc\ChessNNpc.cpp(4529,86): warning C4244: 'argument': conversion from 'int' to 'float', possible loss of data
C:\Users\User\source\repos\ChessNNpc\ChessNNpc\ChessNNpc.cpp(4529,57): warning C4244: 'argument': conversion from 'int' to 'float', possible loss of data
C:\Users\User\source\repos\ChessNNpc\ChessNNpc\ChessNNpc.cpp(4532,77): warning C4244: 'argument': conversion from 'int' to 'float', possible loss of data
C:\Users\User\source\repos\ChessNNpc\ChessNNpc\ChessNNpc.cpp(4532,61): warning C4244: 'argument': conversion from 'int' to 'float', possible loss of data
C:\Users\User\source\repos\ChessNNpc\ChessNNpc\ChessNNpc.cpp(4546,94): warning C4244: 'argument': conversion from 'int' to 'float', possible loss of data
C:\Users\User\source\repos\ChessNNpc\ChessNNpc\ChessNNpc.cpp(4546,65): warning C4244: 'argument': conversion from 'int' to 'float', possible loss of data
C:\Users\User\source\repos\ChessNNpc\ChessNNpc\ChessNNpc.cpp(4547,81): warning C4244: 'argument': conversion from 'int' to 'float', possible loss of data
C:\Users\User\source\repos\ChessNNpc\ChessNNpc\ChessNNpc.cpp(4547,65): warning C4244: 'argument': conversion from 'int' to 'float', possible loss of data
C:\Users\User\source\repos\ChessNNpc\ChessNNpc\ChessNNpc.cpp(4560,94): warning C4244: 'argument': conversion from 'int' to 'float', possible loss of data
C:\Users\User\source\repos\ChessNNpc\ChessNNpc\ChessNNpc.cpp(4560,65): warning C4244: 'argument': conversion from 'int' to 'float', possible loss of data
C:\Users\User\source\repos\ChessNNpc\ChessNNpc\ChessNNpc.cpp(4561,81): warning C4244: 'argument': conversion from 'int' to 'float', possible loss of data
C:\Users\User\source\repos\ChessNNpc\ChessNNpc\ChessNNpc.cpp(4561,65): warning C4244: 'argument': conversion from 'int' to 'float', possible loss of data
C:\Users\User\source\repos\ChessNNpc\ChessNNpc\ChessNNpc.cpp(4570,108): warning C4244: 'argument': conversion from 'int' to 'float', possible loss of data
C:\Users\User\source\repos\ChessNNpc\ChessNNpc\ChessNNpc.cpp(4570,66): warning C4244: 'argument': conversion from 'int' to 'float', possible loss of data
C:\Users\User\source\repos\ChessNNpc\ChessNNpc\ChessNNpc.cpp(4571,69): warning C4244: 'argument': conversion from 'int' to 'float', possible loss of data
C:\Users\User\source\repos\ChessNNpc\ChessNNpc\ChessNNpc.cpp(4571,53): warning C4244: 'argument': conversion from 'int' to 'float', possible loss of data
C:\Users\User\source\repos\ChessNNpc\ChessNNpc\ChessNNpc.cpp(4579,86): warning C4244: 'argument': conversion from 'int' to 'float', possible loss of data
C:\Users\User\source\repos\ChessNNpc\ChessNNpc\ChessNNpc.cpp(4579,57): warning C4244: 'argument': conversion from 'int' to 'float', possible loss of data
C:\Users\User\source\repos\ChessNNpc\ChessNNpc\ChessNNpc.cpp(4587,72): warning C4244: 'argument': conversion from 'int' to 'float', possible loss of data
C:\Users\User\source\repos\ChessNNpc\ChessNNpc\ChessNNpc.cpp(4587,56): warning C4244: 'argument': conversion from 'int' to 'float', possible loss of data
C:\Users\User\source\repos\ChessNNpc\ChessNNpc\ChessNNpc.cpp(4590,72): warning C4244: 'argument': conversion from 'int' to 'float', possible loss of data
C:\Users\User\source\repos\ChessNNpc\ChessNNpc\ChessNNpc.cpp(4590,56): warning C4244: 'argument': conversion from 'int' to 'float', possible loss of data
C:\Users\User\source\repos\ChessNNpc\ChessNNpc\ChessNNpc.cpp(4593,72): warning C4244: 'argument': conversion from 'int' to 'float', possible loss of data
C:\Users\User\source\repos\ChessNNpc\ChessNNpc\ChessNNpc.cpp(4593,56): warning C4244: 'argument': conversion from 'int' to 'float', possible loss of data
C:\Users\User\source\repos\ChessNNpc\ChessNNpc\ChessNNpc.cpp(4596,72): warning C4244: 'argument': conversion from 'int' to 'float', possible loss of data
C:\Users\User\source\repos\ChessNNpc\ChessNNpc\ChessNNpc.cpp(4596,56): warning C4244: 'argument': conversion from 'int' to 'float', possible loss of data
C:\Users\User\source\repos\ChessNNpc\ChessNNpc\ChessNNpc.cpp(4599,72): warning C4244: 'argument': conversion from 'int' to 'float', possible loss of data
C:\Users\User\source\repos\ChessNNpc\ChessNNpc\ChessNNpc.cpp(4599,56): warning C4244: 'argument': conversion from 'int' to 'float', possible loss of data
C:\Users\User\source\repos\ChessNNpc\ChessNNpc\ChessNNpc.cpp(4602,72): warning C4244: 'argument': conversion from 'int' to 'float', possible loss of data
C:\Users\User\source\repos\ChessNNpc\ChessNNpc\ChessNNpc.cpp(4602,56): warning C4244: 'argument': conversion from 'int' to 'float', possible loss of data
C:\Users\User\source\repos\ChessNNpc\ChessNNpc\ChessNNpc.cpp(4605,72): warning C4244: 'argument': conversion from 'int' to 'float', possible loss of data
C:\Users\User\source\repos\ChessNNpc\ChessNNpc\ChessNNpc.cpp(4605,56): warning C4244: 'argument': conversion from 'int' to 'float', possible loss of data
C:\Users\User\source\repos\ChessNNpc\ChessNNpc\ChessNNpc.cpp(4608,72): warning C4244: 'argument': conversion from 'int' to 'float', possible loss of data
C:\Users\User\source\repos\ChessNNpc\ChessNNpc\ChessNNpc.cpp(4608,56): warning C4244: 'argument': conversion from 'int' to 'float', possible loss of data
C:\Users\User\source\repos\ChessNNpc\ChessNNpc\ChessNNpc.cpp(4611,72): warning C4244: 'argument': conversion from 'int' to 'float', possible loss of data
C:\Users\User\source\repos\ChessNNpc\ChessNNpc\ChessNNpc.cpp(4611,56): warning C4244: 'argument': conversion from 'int' to 'float', possible loss of data
C:\Users\User\source\repos\ChessNNpc\ChessNNpc\ChessNNpc.cpp(4614,72): warning C4244: 'argument': conversion from 'int' to 'float', possible loss of data
C:\Users\User\source\repos\ChessNNpc\ChessNNpc\ChessNNpc.cpp(4614,56): warning C4244: 'argument': conversion from 'int' to 'float', possible loss of data
C:\Users\User\source\repos\ChessNNpc\ChessNNpc\ChessNNpc.cpp(4617,72): warning C4244: 'argument': conversion from 'int' to 'float', possible loss of data
C:\Users\User\source\repos\ChessNNpc\ChessNNpc\ChessNNpc.cpp(4617,56): warning C4244: 'argument': conversion from 'int' to 'float', possible loss of data
C:\Users\User\source\repos\ChessNNpc\ChessNNpc\ChessNNpc.cpp(4620,72): warning C4244: 'argument': conversion from 'int' to 'float', possible loss of data
C:\Users\User\source\repos\ChessNNpc\ChessNNpc\ChessNNpc.cpp(4620,56): warning C4244: 'argument': conversion from 'int' to 'float', possible loss of data
C:\Users\User\source\repos\ChessNNpc\ChessNNpc\ChessNNpc.cpp(4631,127): warning C4244: 'argument': conversion from 'int' to 'float', possible loss of data
C:\Users\User\source\repos\ChessNNpc\ChessNNpc\ChessNNpc.cpp(4631,82): warning C4244: 'argument': conversion from 'int' to 'float', possible loss of data
C:\Users\User\source\repos\ChessNNpc\ChessNNpc\ChessNNpc.cpp(4644,124): warning C4244: 'argument': conversion from 'int' to 'float', possible loss of data
C:\Users\User\source\repos\ChessNNpc\ChessNNpc\ChessNNpc.cpp(4644,78): warning C4244: 'argument': conversion from 'int' to 'float', possible loss of data
C:\Users\User\source\repos\ChessNNpc\ChessNNpc\ChessNNpc.cpp(4650,75): warning C4244: 'argument': conversion from 'int' to 'float', possible loss of data
C:\Users\User\source\repos\ChessNNpc\ChessNNpc\ChessNNpc.cpp(4650,40): warning C4244: 'argument': conversion from 'int' to 'float', possible loss of data
C:\Users\User\source\repos\ChessNNpc\ChessNNpc\ChessNNpc.cpp(4652,75): warning C4244: 'argument': conversion from 'int' to 'float', possible loss of data
C:\Users\User\source\repos\ChessNNpc\ChessNNpc\ChessNNpc.cpp(4652,40): warning C4244: 'argument': conversion from 'int' to 'float', possible loss of data
C:\Users\User\source\repos\ChessNNpc\ChessNNpc\ChessNNpc.cpp(4656,86): warning C4244: 'argument': conversion from 'int' to 'float', possible loss of data
C:\Users\User\source\repos\ChessNNpc\ChessNNpc\ChessNNpc.cpp(4656,63): warning C4244: 'argument': conversion from 'int' to 'float', possible loss of data
C:\Users\User\source\repos\ChessNNpc\ChessNNpc\ChessNNpc.cpp(4669,69): warning C4244: 'argument': conversion from 'int' to 'float', possible loss of data
C:\Users\User\source\repos\ChessNNpc\ChessNNpc\ChessNNpc.cpp(4669,63): warning C4244: 'argument': conversion from 'int' to 'float', possible loss of data
C:\Users\User\source\repos\ChessNNpc\ChessNNpc\ChessNNpc.cpp(4671,86): warning C4244: 'argument': conversion from 'int' to 'float', possible loss of data
C:\Users\User\source\repos\ChessNNpc\ChessNNpc\ChessNNpc.cpp(4671,63): warning C4244: 'argument': conversion from 'int' to 'float', possible loss of data
C:\Users\User\source\repos\ChessNNpc\ChessNNpc\ChessNNpc.cpp(4673,86): warning C4244: 'argument': conversion from 'int' to 'float', possible loss of data
C:\Users\User\source\repos\ChessNNpc\ChessNNpc\ChessNNpc.cpp(4673,63): warning C4244: 'argument': conversion from 'int' to 'float', possible loss of data
C:\Users\User\source\repos\ChessNNpc\ChessNNpc\ChessNNpc.cpp(4675,86): warning C4244: 'argument': conversion from 'int' to 'float', possible loss of data
C:\Users\User\source\repos\ChessNNpc\ChessNNpc\ChessNNpc.cpp(4675,63): warning C4244: 'argument': conversion from 'int' to 'float', possible loss of data
C:\Users\User\source\repos\ChessNNpc\ChessNNpc\ChessNNpc.cpp(4677,86): warning C4244: 'argument': conversion from 'int' to 'float', possible loss of data
C:\Users\User\source\repos\ChessNNpc\ChessNNpc\ChessNNpc.cpp(4677,63): warning C4244: 'argument': conversion from 'int' to 'float', possible loss of data
C:\Users\User\source\repos\ChessNNpc\ChessNNpc\ChessNNpc.cpp(4679,86): warning C4244: 'argument': conversion from 'int' to 'float', possible loss of data
C:\Users\User\source\repos\ChessNNpc\ChessNNpc\ChessNNpc.cpp(4679,63): warning C4244: 'argument': conversion from 'int' to 'float', possible loss of data
C:\Users\User\source\repos\ChessNNpc\ChessNNpc\ChessNNpc.cpp(4687,86): warning C4244: 'argument': conversion from 'int' to 'float', possible loss of data
C:\Users\User\source\repos\ChessNNpc\ChessNNpc\ChessNNpc.cpp(4687,63): warning C4244: 'argument': conversion from 'int' to 'float', possible loss of data
C:\Users\User\source\repos\ChessNNpc\ChessNNpc\ChessNNpc.cpp(4689,87): warning C4244: 'argument': conversion from 'int' to 'float', possible loss of data
C:\Users\User\source\repos\ChessNNpc\ChessNNpc\ChessNNpc.cpp(4689,63): warning C4244: 'argument': conversion from 'int' to 'float', possible loss of data
C:\Users\User\source\repos\ChessNNpc\ChessNNpc\ChessNNpc.cpp(4713,85): warning C4244: 'argument': conversion from 'int' to 'float', possible loss of data
C:\Users\User\source\repos\ChessNNpc\ChessNNpc\ChessNNpc.cpp(4713,61): warning C4244: 'argument': conversion from 'int' to 'float', possible loss of data
C:\Users\User\source\repos\ChessNNpc\ChessNNpc\ChessNNpc.cpp(4715,85): warning C4244: 'argument': conversion from 'int' to 'float', possible loss of data
C:\Users\User\source\repos\ChessNNpc\ChessNNpc\ChessNNpc.cpp(4715,61): warning C4244: 'argument': conversion from 'int' to 'float', possible loss of data
C:\Users\User\source\repos\ChessNNpc\ChessNNpc\ChessNNpc.cpp(4720,85): warning C4244: 'argument': conversion from 'int' to 'float', possible loss of data
C:\Users\User\source\repos\ChessNNpc\ChessNNpc\ChessNNpc.cpp(4720,61): warning C4244: 'argument': conversion from 'int' to 'float', possible loss of data
C:\Users\User\source\repos\ChessNNpc\ChessNNpc\ChessNNpc.cpp(4724,81): warning C4244: 'argument': conversion from 'int' to 'float', possible loss of data
C:\Users\User\source\repos\ChessNNpc\ChessNNpc\ChessNNpc.cpp(4724,57): warning C4244: 'argument': conversion from 'int' to 'float', possible loss of data
C:\Users\User\source\repos\ChessNNpc\ChessNNpc\ChessNNpc.cpp(4726,81): warning C4244: 'argument': conversion from 'int' to 'float', possible loss of data
C:\Users\User\source\repos\ChessNNpc\ChessNNpc\ChessNNpc.cpp(4726,57): warning C4244: 'argument': conversion from 'int' to 'float', possible loss of data
C:\Users\User\source\repos\ChessNNpc\ChessNNpc\ChessNNpc.cpp(4728,81): warning C4244: 'argument': conversion from 'int' to 'float', possible loss of data
C:\Users\User\source\repos\ChessNNpc\ChessNNpc\ChessNNpc.cpp(4728,57): warning C4244: 'argument': conversion from 'int' to 'float', possible loss of data
C:\Users\User\source\repos\ChessNNpc\ChessNNpc\ChessNNpc.cpp(4730,81): warning C4244: 'argument': conversion from 'int' to 'float', possible loss of data
C:\Users\User\source\repos\ChessNNpc\ChessNNpc\ChessNNpc.cpp(4730,57): warning C4244: 'argument': conversion from 'int' to 'float', possible loss of data
C:\Users\User\source\repos\ChessNNpc\ChessNNpc\ChessNNpc.cpp(4732,81): warning C4244: 'argument': conversion from 'int' to 'float', possible loss of data
C:\Users\User\source\repos\ChessNNpc\ChessNNpc\ChessNNpc.cpp(4732,57): warning C4244: 'argument': conversion from 'int' to 'float', possible loss of data
C:\Users\User\source\repos\ChessNNpc\ChessNNpc\ChessNNpc.cpp(4734,81): warning C4244: 'argument': conversion from 'int' to 'float', possible loss of data
C:\Users\User\source\repos\ChessNNpc\ChessNNpc\ChessNNpc.cpp(4734,57): warning C4244: 'argument': conversion from 'int' to 'float', possible loss of data
C:\Users\User\source\repos\ChessNNpc\ChessNNpc\ChessNNpc.cpp(4736,81): warning C4244: 'argument': conversion from 'int' to 'float', possible loss of data
C:\Users\User\source\repos\ChessNNpc\ChessNNpc\ChessNNpc.cpp(4736,57): warning C4244: 'argument': conversion from 'int' to 'float', possible loss of data
C:\Users\User\source\repos\ChessNNpc\ChessNNpc\ChessNNpc.cpp(4738,81): warning C4244: 'argument': conversion from 'int' to 'float', possible loss of data
C:\Users\User\source\repos\ChessNNpc\ChessNNpc\ChessNNpc.cpp(4738,57): warning C4244: 'argument': conversion from 'int' to 'float', possible loss of data
C:\Users\User\source\repos\ChessNNpc\ChessNNpc\ChessNNpc.cpp(4744,79): warning C4244: 'argument': conversion from 'int' to 'float', possible loss of data
C:\Users\User\source\repos\ChessNNpc\ChessNNpc\ChessNNpc.cpp(4744,44): warning C4244: 'argument': conversion from 'int' to 'float', possible loss of data
C:\Users\User\source\repos\ChessNNpc\ChessNNpc\ChessNNpc.cpp(4749,79): warning C4244: 'argument': conversion from 'int' to 'float', possible loss of data
C:\Users\User\source\repos\ChessNNpc\ChessNNpc\ChessNNpc.cpp(4749,44): warning C4244: 'argument': conversion from 'int' to 'float', possible loss of data
C:\Users\User\source\repos\ChessNNpc\ChessNNpc\ChessNNpc.cpp(4755,127): warning C4244: 'argument': conversion from 'int' to 'float', possible loss of data
C:\Users\User\source\repos\ChessNNpc\ChessNNpc\ChessNNpc.cpp(4755,82): warning C4244: 'argument': conversion from 'int' to 'float', possible loss of data
C:\Users\User\source\repos\ChessNNpc\ChessNNpc\ChessNNpc.cpp(4823,23): warning C4244: 'initializing': conversion from 'float' to 'int', possible loss of data
C:\Users\User\source\repos\ChessNNpc\ChessNNpc\ChessNNpc.cpp(4824,23): warning C4244: 'initializing': conversion from 'float' to 'int', possible loss of data
  ChessNNpc.vcxproj -> C:\Users\User\source\repos\ChessNNpc\x64\Debug\ChessNNpc.exe
